<?xml version="1.0" encoding="UTF-8"?>
<!-- Generated by org.testng.reporters.JUnitXMLReporter -->
<testsuite ignored="0" hostname="DESKTOP-TUAR8T8" failures="0" tests="2" name="Test" time="1.387" errors="0" timestamp="10 May 2020 19:22:43 GMT">
  <testcase classname="com.AutomationTest.demoProject1.TestClass1" name="@BeforeMethod launchDriver" time="1.291">
    <failure type="org.openqa.selenium.InvalidArgumentException" message="invalid argument: entry 0 of &amp;apos;firstMatch&amp;apos; is invalid
from invalid argument: cannot parse capability: browserName
from invalid argument: must be a string
Build info: version: &amp;apos;3.4.0&amp;apos;, revision: &amp;apos;unknown&amp;apos;, time: &amp;apos;unknown&amp;apos;
System info: host: &amp;apos;DESKTOP-TUAR8T8&amp;apos;, ip: &amp;apos;192.168.1.103&amp;apos;, os.name: &amp;apos;Windows 10&amp;apos;, os.arch: &amp;apos;amd64&amp;apos;, os.version: &amp;apos;10.0&amp;apos;, java.version: &amp;apos;11.0.6&amp;apos;
Driver info: driver.version: ChromeDriver
remote stacktrace: Backtrace:
	Ordinal0 [0x00DC5E93+2449043]
	Ordinal0 [0x00CF8281+1606273]
	Ordinal0 [0x00BEF889+522377]
	Ordinal0 [0x00B76195+24981]
	Ordinal0 [0x00B79A57+39511]
	Ordinal0 [0x00B75E8C+24204]
	Ordinal0 [0x00B9B477+177271]
	Ordinal0 [0x00B9B0C7+176327]
	Ordinal0 [0x00B9BFC0+180160]
	Ordinal0 [0x00B9BF2D+180013]
	Ordinal0 [0x00B99E5B+171611]
	Ordinal0 [0x00B81DD8+73176]
	Ordinal0 [0x00B82E50+77392]
	Ordinal0 [0x00B82DE9+77289]
	Ordinal0 [0x00D0D7F7+1693687]
	GetHandleVerifier [0x00E64576+522742]
	GetHandleVerifier [0x00E642B4+522036]
	GetHandleVerifier [0x00E79587+608775]
	GetHandleVerifier [0x00E64DE6+524902]
	Ordinal0 [0x00D05BDC+1661916]
	Ordinal0 [0x00D0F15B+1700187]
	Ordinal0 [0x00D0F2C3+1700547]
	Ordinal0 [0x00D25135+1790261]
	BaseThreadInitThunk [0x758B6359+25]
	RtlGetAppContainerNamedObjectPath [0x776E7C14+228]
	RtlGetAppContainerNamedObjectPath [0x776E7BE4+180]
">
      <![CDATA[org.openqa.selenium.InvalidArgumentException: invalid argument: entry 0 of 'firstMatch' is invalid
from invalid argument: cannot parse capability: browserName
from invalid argument: must be a string
Build info: version: '3.4.0', revision: 'unknown', time: 'unknown'
System info: host: 'DESKTOP-TUAR8T8', ip: '192.168.1.103', os.name: 'Windows 10', os.arch: 'amd64', os.version: '10.0', java.version: '11.0.6'
Driver info: driver.version: ChromeDriver
remote stacktrace: Backtrace:
Ordinal0 [0x00DC5E93+2449043]
Ordinal0 [0x00CF8281+1606273]
Ordinal0 [0x00BEF889+522377]
Ordinal0 [0x00B76195+24981]
Ordinal0 [0x00B79A57+39511]
Ordinal0 [0x00B75E8C+24204]
Ordinal0 [0x00B9B477+177271]
Ordinal0 [0x00B9B0C7+176327]
Ordinal0 [0x00B9BFC0+180160]
Ordinal0 [0x00B9BF2D+180013]
Ordinal0 [0x00B99E5B+171611]
Ordinal0 [0x00B81DD8+73176]
Ordinal0 [0x00B82E50+77392]
Ordinal0 [0x00B82DE9+77289]
Ordinal0 [0x00D0D7F7+1693687]
GetHandleVerifier [0x00E64576+522742]
GetHandleVerifier [0x00E642B4+522036]
GetHandleVerifier [0x00E79587+608775]
GetHandleVerifier [0x00E64DE6+524902]
Ordinal0 [0x00D05BDC+1661916]
Ordinal0 [0x00D0F15B+1700187]
Ordinal0 [0x00D0F2C3+1700547]
Ordinal0 [0x00D25135+1790261]
BaseThreadInitThunk [0x758B6359+25]
RtlGetAppContainerNamedObjectPath [0x776E7C14+228]
RtlGetAppContainerNamedObjectPath [0x776E7BE4+180]

at org.openqa.selenium.remote.W3CHandshakeResponse.lambda$new$0(W3CHandshakeResponse.java:57)
at org.openqa.selenium.remote.W3CHandshakeResponse.lambda$getResponseFunction$2(W3CHandshakeResponse.java:104)
at org.openqa.selenium.remote.ProtocolHandshake.lambda$createSession$22(ProtocolHandshake.java:365)
at java.base/java.util.stream.ReferencePipeline$3$1.accept(ReferencePipeline.java:195)
at java.base/java.util.Spliterators$ArraySpliterator.tryAdvance(Spliterators.java:958)
at java.base/java.util.stream.ReferencePipeline.forEachWithCancel(ReferencePipeline.java:127)
at java.base/java.util.stream.AbstractPipeline.copyIntoWithCancel(AbstractPipeline.java:502)
at java.base/java.util.stream.AbstractPipeline.copyInto(AbstractPipeline.java:488)
at java.base/java.util.stream.AbstractPipeline.wrapAndCopyInto(AbstractPipeline.java:474)
at java.base/java.util.stream.FindOps$FindOp.evaluateSequential(FindOps.java:150)
at java.base/java.util.stream.AbstractPipeline.evaluate(AbstractPipeline.java:234)
at java.base/java.util.stream.ReferencePipeline.findFirst(ReferencePipeline.java:543)
at org.openqa.selenium.remote.ProtocolHandshake.createSession(ProtocolHandshake.java:368)
at org.openqa.selenium.remote.ProtocolHandshake.createSession(ProtocolHandshake.java:159)
at org.openqa.selenium.remote.HttpCommandExecutor.execute(HttpCommandExecutor.java:142)
at org.openqa.selenium.remote.service.DriverCommandExecutor.execute(DriverCommandExecutor.java:82)
at org.openqa.selenium.remote.RemoteWebDriver.execute(RemoteWebDriver.java:637)
at org.openqa.selenium.remote.RemoteWebDriver.startSession(RemoteWebDriver.java:250)
at org.openqa.selenium.remote.RemoteWebDriver.startSession(RemoteWebDriver.java:236)
at org.openqa.selenium.remote.RemoteWebDriver.<init>(RemoteWebDriver.java:137)
at org.openqa.selenium.chrome.ChromeDriver.<init>(ChromeDriver.java:184)
at org.openqa.selenium.chrome.ChromeDriver.<init>(ChromeDriver.java:171)
at org.openqa.selenium.chrome.ChromeDriver.<init>(ChromeDriver.java:124)
at com.AutomationTest.demoProject1.TestClass1.launchDriver(TestClass1.java:19)
... Removed 32 stack frames]]>
    </failure>
  </testcase> <!-- @BeforeMethod launchDriver -->
  <testcase classname="com.AutomationTest.demoProject1.TestClass1" name="@AfterMethod quit" time="0.0">
    <skipped/>
  </testcase> <!-- @AfterMethod quit -->
  <testcase classname="com.AutomationTest.demoProject1.TestClass1" name="@BeforeMethod launchDriver" time="0.0">
    <skipped/>
  </testcase> <!-- @BeforeMethod launchDriver -->
  <testcase classname="com.AutomationTest.demoProject1.TestClass1" name="@AfterMethod quit" time="0.0">
    <skipped/>
  </testcase> <!-- @AfterMethod quit -->
  <testcase classname="com.AutomationTest.demoProject1.TestClass1" name="testCase1" time="0.0">
    <skipped/>
  </testcase> <!-- testCase1 -->
  <testcase classname="com.AutomationTest.demoProject1.TestClass1" name="testCase2" time="0.0">
    <skipped/>
  </testcase> <!-- testCase2 -->
</testsuite> <!-- Test -->
